<?xml version="1.0" encoding="UTF-8"?>
<!-- Generated by org.testng.reporters.JUnitReportReporter -->
<testsuite hostname="Lenovo" failures="0" tests="1" name="testscripts.LaunchApp" time="35.626" errors="1" timestamp="2022-02-18T17:21:09 IST" skipped="0">
  <testcase classname="testscripts.LaunchApp" name="Launchappdemo" time="35.626">
    <error message="Cannot perform TouchUp action at (405, 1685) (WARNING: The server did not provide any stacktrace information)
Command duration or timeout: 2.15 seconds
Build info: version: &#039;2.53.1&#039;, revision: &#039;a36b8b1cd5757287168e54b817830adce9b0158d&#039;, time: &#039;2016-06-30 19:26:09&#039;
System info: host: &#039;Lenovo&#039;, ip: &#039;192.168.1.101&#039;, os.name: &#039;Windows 10&#039;, os.arch: &#039;amd64&#039;, os.version: &#039;10.0&#039;, java.version: &#039;11.0.13&#039;
Driver info: io.appium.java_client.android.AndroidDriver
Capabilities [{appPackage=com.miui.calculator, deviceScreenSize=1080x2400, networkConnectionEnabled=true, statBarHeight=103, warnings={}, viewportRect={top=103, left=0, width=1080, height=2064}, databaseEnabled=false, deviceName=8757d20a0509, platform=LINUX, deviceUDID=8757d20a0509, appActivity=.cal.CalculatorActivity, desired={appPackage=com.miui.calculator, appActivity=.cal.CalculatorActivity, platformVersion=11, platformName=Android, udid=8757d20a0509, deviceName=Redmi 10 Prime}, platformVersion=11, pixelRatio=2.75, webStorageEnabled=false, locationContextEnabled=false, takesScreenshot=true, javascriptEnabled=true, deviceScreenDensity=440, deviceModel=21061119BI, platformName=Android, udid=8757d20a0509, deviceApiLevel=30, deviceManufacturer=Xiaomi}]
Session ID: 5ad784ce-368c-4785-87b6-40900b471ee7" type="org.openqa.selenium.InvalidElementStateException">
      <![CDATA[org.openqa.selenium.InvalidElementStateException: Cannot perform TouchUp action at (405, 1685) (WARNING: The server did not provide any stacktrace information)
Command duration or timeout: 2.15 seconds
Build info: version: '2.53.1', revision: 'a36b8b1cd5757287168e54b817830adce9b0158d', time: '2016-06-30 19:26:09'
System info: host: 'Lenovo', ip: '192.168.1.101', os.name: 'Windows 10', os.arch: 'amd64', os.version: '10.0', java.version: '11.0.13'
Driver info: io.appium.java_client.android.AndroidDriver
Capabilities [{appPackage=com.miui.calculator, deviceScreenSize=1080x2400, networkConnectionEnabled=true, statBarHeight=103, warnings={}, viewportRect={top=103, left=0, width=1080, height=2064}, databaseEnabled=false, deviceName=8757d20a0509, platform=LINUX, deviceUDID=8757d20a0509, appActivity=.cal.CalculatorActivity, desired={appPackage=com.miui.calculator, appActivity=.cal.CalculatorActivity, platformVersion=11, platformName=Android, udid=8757d20a0509, deviceName=Redmi 10 Prime}, platformVersion=11, pixelRatio=2.75, webStorageEnabled=false, locationContextEnabled=false, takesScreenshot=true, javascriptEnabled=true, deviceScreenDensity=440, deviceModel=21061119BI, platformName=Android, udid=8757d20a0509, deviceApiLevel=30, deviceManufacturer=Xiaomi}]
Session ID: 5ad784ce-368c-4785-87b6-40900b471ee7
at java.base/jdk.internal.reflect.NativeConstructorAccessorImpl.newInstance0(Native Method)
at java.base/jdk.internal.reflect.NativeConstructorAccessorImpl.newInstance(NativeConstructorAccessorImpl.java:62)
at java.base/jdk.internal.reflect.DelegatingConstructorAccessorImpl.newInstance(DelegatingConstructorAccessorImpl.java:45)
at java.base/java.lang.reflect.Constructor.newInstance(Constructor.java:490)
at org.openqa.selenium.remote.ErrorHandler.createThrowable(ErrorHandler.java:206)
at org.openqa.selenium.remote.ErrorHandler.throwIfResponseFailed(ErrorHandler.java:158)
at org.openqa.selenium.remote.RemoteWebDriver.execute(RemoteWebDriver.java:678)
at io.appium.java_client.DefaultGenericMobileDriver.execute(DefaultGenericMobileDriver.java:40)
at io.appium.java_client.AppiumDriver.execute(AppiumDriver.java:1)
at io.appium.java_client.android.AndroidDriver.execute(AndroidDriver.java:1)
at io.appium.java_client.AppiumDriver.performTouchAction(AppiumDriver.java:336)
at io.appium.java_client.MultiTouchAction.perform(MultiTouchAction.java:71)
at io.appium.java_client.AppiumDriver.tap(AppiumDriver.java:361)
at testscripts.LaunchApp.Launchappdemo(LaunchApp.java:32)
at java.base/jdk.internal.reflect.NativeMethodAccessorImpl.invoke0(Native Method)
at java.base/jdk.internal.reflect.NativeMethodAccessorImpl.invoke(NativeMethodAccessorImpl.java:62)
at java.base/jdk.internal.reflect.DelegatingMethodAccessorImpl.invoke(DelegatingMethodAccessorImpl.java:43)
at java.base/java.lang.reflect.Method.invoke(Method.java:566)
at org.testng.internal.MethodInvocationHelper.invokeMethod(MethodInvocationHelper.java:133)
at org.testng.internal.TestInvoker.invokeMethod(TestInvoker.java:598)
at org.testng.internal.TestInvoker.invokeTestMethod(TestInvoker.java:173)
at org.testng.internal.MethodRunner.runInSequence(MethodRunner.java:46)
at org.testng.internal.TestInvoker$MethodInvocationAgent.invoke(TestInvoker.java:824)
at org.testng.internal.TestInvoker.invokeTestMethods(TestInvoker.java:146)
at org.testng.internal.TestMethodWorker.invokeTestMethods(TestMethodWorker.java:146)
at org.testng.internal.TestMethodWorker.run(TestMethodWorker.java:128)
at java.base/java.util.ArrayList.forEach(ArrayList.java:1541)
at org.testng.TestRunner.privateRun(TestRunner.java:794)
at org.testng.TestRunner.run(TestRunner.java:596)
at org.testng.SuiteRunner.runTest(SuiteRunner.java:377)
at org.testng.SuiteRunner.runSequentially(SuiteRunner.java:371)
at org.testng.SuiteRunner.privateRun(SuiteRunner.java:332)
at org.testng.SuiteRunner.run(SuiteRunner.java:276)
at org.testng.SuiteRunnerWorker.runSuite(SuiteRunnerWorker.java:53)
at org.testng.SuiteRunnerWorker.run(SuiteRunnerWorker.java:96)
at org.testng.TestNG.runSuitesSequentially(TestNG.java:1212)
at org.testng.TestNG.runSuitesLocally(TestNG.java:1134)
at org.testng.TestNG.runSuites(TestNG.java:1063)
at org.testng.TestNG.run(TestNG.java:1031)
at org.testng.remote.AbstractRemoteTestNG.run(AbstractRemoteTestNG.java:115)
at org.testng.remote.RemoteTestNG.initAndRun(RemoteTestNG.java:251)
at org.testng.remote.RemoteTestNG.main(RemoteTestNG.java:77)
]]>
    </error>
  </testcase> <!-- Launchappdemo -->
  <system-out/>
</testsuite> <!-- testscripts.LaunchApp -->
