<?xml version="1.0" encoding="UTF-8"?>
<!-- Generated by org.testng.reporters.JUnitReportReporter -->
<testsuite hostname="Lenovo" failures="0" tests="1" name="testscripts.LaunchApiDemos" time="30.229" errors="0" timestamp="2022-02-18T14:54:22 IST" skipped="0">
  <testcase classname="testscripts.LaunchApiDemos" name="launchapi" time="30.229"/>
  <system-out/>
</testsuite> <!-- testscripts.LaunchApiDemos -->
