<?xml version="1.0" encoding="UTF-8"?>
<!-- Generated by org.testng.reporters.JUnitReportReporter -->
<testsuite hostname="Lenovo" failures="0" tests="1" name="testscripts.LaunchCalculatorGeneric" time="30.913" errors="0" timestamp="2022-02-18T17:21:59 IST" skipped="0">
  <testcase classname="testscripts.LaunchCalculatorGeneric" name="Launchappdemo" time="30.913"/>
  <system-out/>
</testsuite> <!-- testscripts.LaunchCalculatorGeneric -->
