<?xml version="1.0" encoding="UTF-8"?>
<!-- Generated by org.testng.reporters.JUnitReportReporter -->
<testsuite hostname="Lenovo" failures="0" tests="1" name="testscripts.LaunchGeneralStrore" time="23.789" errors="0" timestamp="2022-02-18T15:20:34 IST" skipped="0">
  <testcase classname="testscripts.LaunchGeneralStrore" name="LaunchGeneralStore" time="23.789"/>
  <system-out/>
</testsuite> <!-- testscripts.LaunchGeneralStrore -->
