<?xml version="1.0" encoding="UTF-8"?>
<!-- Generated by org.testng.reporters.JUnitReportReporter -->
<testsuite hostname="Lenovo" failures="0" tests="1" name="apidemos.ApiDrapdrop" time="28.418" errors="0" timestamp="2022-02-18T20:11:55 IST" skipped="0">
  <testcase classname="apidemos.ApiDrapdrop" name="dragdrop" time="28.418"/>
  <system-out/>
</testsuite> <!-- apidemos.ApiDrapdrop -->
