<?xml version="1.0" encoding="UTF-8"?>
<!-- Generated by org.testng.reporters.JUnitReportReporter -->
<testsuite hostname="Lenovo" failures="0" tests="1" name="apidemos.ApiDemos" time="56.678" errors="0" timestamp="2022-02-18T20:08:52 IST" skipped="0">
  <testcase classname="apidemos.ApiDemos" name="apilaunch" time="56.678"/>
  <system-out/>
</testsuite> <!-- apidemos.ApiDemos -->
