<?xml version="1.0" encoding="UTF-8"?>
<!-- Generated by org.testng.reporters.JUnitReportReporter -->
<testsuite hostname="Lenovo" failures="0" tests="1" name="testscripts.ApiDemos" time="55.718" errors="0" timestamp="2022-02-18T19:48:52 IST" skipped="0">
  <testcase classname="testscripts.ApiDemos" name="apilaunch" time="55.718"/>
  <system-out/>
</testsuite> <!-- testscripts.ApiDemos -->
