<?xml version="1.0" encoding="UTF-8"?>
<!-- Generated by org.testng.reporters.JUnitReportReporter -->
<testsuite hostname="Lenovo" failures="0" tests="1" name="testscripts.LaunchTouchScreen" time="29.456" errors="0" timestamp="2022-02-18T15:02:46 IST" skipped="0">
  <testcase classname="testscripts.LaunchTouchScreen" name="Launchtouch" time="29.456"/>
  <system-out/>
</testsuite> <!-- testscripts.LaunchTouchScreen -->
